<?xml version="1.0" encoding="UTF-8"?>
<!-- Generated by org.testng.reporters.JUnitReportReporter -->
<testsuite hostname="HUBLAPINDCE-018" failures="0" tests="1" name="test.ExtentReporter1" time="53.452" errors="0" timestamp="2023-03-17T11:39:39 IST" skipped="0">
  <testcase classname="test.ExtentReporter1" name="ExtentReportDemo" time="53.452"/>
  <system-out/>
</testsuite> <!-- test.ExtentReporter1 -->
